[23:48:24] [ServerMain/INFO]: [bootstrap] Running Java 21 (OpenJDK 64-Bit Server VM 21.0.9+10-Ubuntu-124.04; Ubuntu null) on Linux 6.8.0-1030-azure (amd64)
[23:48:24] [ServerMain/INFO]: [bootstrap] Loading Paper 1.21.10-117-ver/1.21.10@df4b668 (2025-11-30T22:37:28Z) for Minecraft 1.21.10
[23:48:24] [ServerMain/INFO]: [PluginInitializerManager] Initializing plugins...
[23:48:25] [Paper Plugin Remapper Thread - 0/INFO]: [ReobfServer] Remapping server...
[23:48:31] [Paper Plugin Remapper Thread - 0/INFO]: [ReobfServer] Done remapping server in 5939ms.
[23:48:31] [Paper Plugin Remapper Thread - 2/INFO]: [PluginRemapper] Remapping plugin 'plugins/uhccore-1.20.15 (1).jar'...
[23:48:31] [Paper Plugin Remapper Thread - 3/INFO]: [PluginRemapper] Remapping plugin 'plugins/SkinsRestorer.jar'...
[23:48:31] [Paper Plugin Remapper Thread - 4/INFO]: [PluginRemapper] Remapping plugin 'plugins/SimpleLogin-1.9.jar'...
[23:48:31] [Paper Plugin Remapper Thread - 4/INFO]: [PluginRemapper] Done remapping plugin 'plugins/SimpleLogin-1.9.jar' in 214ms.
[23:48:31] [Paper Plugin Remapper Thread - 2/INFO]: [PluginRemapper] Done remapping plugin 'plugins/uhccore-1.20.15 (1).jar' in 456ms.
[23:48:32] [Paper Plugin Remapper Thread - 3/INFO]: [PluginRemapper] Done remapping plugin 'plugins/SkinsRestorer.jar' in 1527ms.
[23:48:32] [ServerMain/INFO]: [PluginInitializerManager] Initialized 4 plugins
[23:48:32] [ServerMain/INFO]: [PluginInitializerManager] Bukkit plugins (4):
 - Chunky (1.4.40), SimpleLogin (1.9), SkinsRestorer (15.9.0), UhcCore (1.20.15)
[23:48:37] [ServerMain/INFO]: Environment: Environment[sessionHost=https://sessionserver.mojang.com, servicesHost=https://api.minecraftservices.com, profilesHost=https://api.mojang.com, name=PROD]
[23:48:38] [ServerMain/INFO]: Found new data pack file/bukkit, loading it automatically
[23:48:38] [ServerMain/INFO]: Found new data pack paper, loading it automatically
[23:48:39] [ServerMain/INFO]: No existing world data, creating new world
[23:48:40] [ServerMain/INFO]: Loaded 1461 recipes
[23:48:40] [ServerMain/INFO]: Loaded 1574 advancements
[23:48:40] [ServerMain/INFO]: [ca.spottedleaf.dataconverter.minecraft.datatypes.MCTypeRegistry] Initialising converters for DataConverter...
[23:48:40] [ServerMain/INFO]: [ca.spottedleaf.dataconverter.minecraft.datatypes.MCTypeRegistry] Finished initialising converters for DataConverter in 332.5ms
[23:48:40] [Server thread/INFO]: Starting minecraft server version 1.21.10
[23:48:40] [Server thread/INFO]: Loading properties
[23:48:40] [Server thread/INFO]: This server is running Paper version 1.21.10-117-ver/1.21.10@df4b668 (2025-11-30T22:37:28Z) (Implementing API version 1.21.10-R0.1-SNAPSHOT)
[23:48:40] [Server thread/INFO]: [spark] This server bundles the spark profiler. For more information please visit https://docs.papermc.io/paper/profiling
[23:48:40] [Server thread/INFO]: Server Ping Player Sample Count: 12
[23:48:40] [Server thread/INFO]: Using 4 threads for Netty based IO
[23:48:41] [Server thread/INFO]: [MoonriseCommon] Paper is using 1 worker threads, 1 I/O threads
[23:48:42] [Server thread/INFO]: Default game type: SURVIVAL
[23:48:42] [Server thread/INFO]: Generating keypair
[23:48:42] [Server thread/INFO]: Starting Minecraft server on *:25565
[23:48:42] [Server thread/INFO]: Using epoll channel type
[23:48:42] [Server thread/INFO]: Paper: Using libdeflate (Linux x86_64) compression from Velocity.
[23:48:42] [Server thread/INFO]: Paper: Using OpenSSL 3.x.x (Linux x86_64) cipher from Velocity.
[23:48:42] [Server thread/INFO]: [Chunky] Loading server plugin Chunky v1.4.40
[23:48:42] [Server thread/INFO]: [UhcCore] Loading server plugin UhcCore v1.20.15
[23:48:42] [Server thread/INFO]: [SkinsRestorer] Loading server plugin SkinsRestorer v15.9.0
[23:48:42] [Server thread/INFO]: [SimpleLogin] Loading server plugin SimpleLogin v1.9
[23:48:42] [Server thread/INFO]: Server permissions file permissions.yml is empty, ignoring it
[23:48:42] [Server thread/INFO]: [SkinsRestorer] Enabling SkinsRestorer v15.9.0
[23:48:44] [Server thread/INFO]: [SkinsRestorer] Running on Minecraft 1.21.10.
[23:48:44] [Server thread/INFO]: [SkinsRestorer] Using paper join listener!
[23:48:44] [Server thread/WARN]: **** SERVER IS RUNNING IN OFFLINE/INSECURE MODE!
[23:48:44] [Server thread/WARN]: The server will make no attempt to authenticate usernames. Beware.
[23:48:44] [Server thread/WARN]: While this makes the game possible to play without internet access, it also opens up the ability for hackers to connect with any username they choose.
[23:48:44] [Server thread/WARN]: To change this, set "online-mode" to "true" in the server.properties file.
[23:48:44] [Server thread/INFO]: Preparing level "world"
[23:48:44] [Folia Async Scheduler Thread #1/INFO]: [SkinsRestorer] ----------------------------------------------
[23:48:44] [Folia Async Scheduler Thread #1/INFO]: [SkinsRestorer]     +==================+
[23:48:44] [Folia Async Scheduler Thread #1/INFO]: [SkinsRestorer]     |   SkinsRestorer  |
[23:48:44] [Folia Async Scheduler Thread #1/INFO]: [SkinsRestorer]     |------------------|
[23:48:44] [Folia Async Scheduler Thread #1/INFO]: [SkinsRestorer]     |  Standalone Mode |
[23:48:44] [Folia Async Scheduler Thread #1/INFO]: [SkinsRestorer]     +==================+
[23:48:44] [Folia Async Scheduler Thread #1/INFO]: [SkinsRestorer] ----------------------------------------------
[23:48:44] [Folia Async Scheduler Thread #1/INFO]: [SkinsRestorer]     Version: 15.9.0
[23:48:44] [Folia Async Scheduler Thread #1/INFO]: [SkinsRestorer]     Commit: 1565b8f
[23:48:44] [Folia Async Scheduler Thread #1/INFO]: [SkinsRestorer]     A new version (15.9.1) is available! Downloading update...
[23:48:44] [Folia Async Scheduler Thread #1/INFO]: [SkinsRestorer] ----------------------------------------------
[23:48:44] [Folia Async Scheduler Thread #1/INFO]: [SkinsRestorer] Do you have issues? Read our troubleshooting guide: https://skinsrestorer.net/docs/troubleshooting
[23:48:44] [Folia Async Scheduler Thread #1/INFO]: [SkinsRestorer] Want to support SkinsRestorer? Consider donating: https://skinsrestorer.net/donate
[23:48:44] [Folia Async Scheduler Thread #1/INFO]: [SkinsRestorer] [GitHubUpdate] Downloading update...
[23:48:45] [Folia Async Scheduler Thread #1/INFO]: [SkinsRestorer] [GitHubUpdate] Downloaded update in 261ms
[23:48:45] [Folia Async Scheduler Thread #1/INFO]: [SkinsRestorer] [GitHubUpdate] Update saved as SkinsRestorer.jar
[23:48:45] [Folia Async Scheduler Thread #1/INFO]: [SkinsRestorer] [GitHubUpdate] The update will be loaded on the next server restart
[23:48:45] [Server thread/INFO]: Selecting spawn point for world 'minecraft:overworld'...
[23:48:55] [Server thread/INFO]: Selecting spawn point for world 'minecraft:the_nether'...
[23:48:56] [Server thread/INFO]: Selecting spawn point for world 'minecraft:the_end'...
[23:48:56] [Server thread/INFO]: Loading 0 persistent chunks for world 'minecraft:overworld'...
[23:48:56] [Server thread/INFO]: Preparing spawn area: 100%
[23:48:56] [Server thread/INFO]: Prepared spawn area in 11728 ms
[23:48:56] [Server thread/INFO]: Loading 0 persistent chunks for world 'minecraft:the_nether'...
[23:48:56] [Server thread/INFO]: Preparing spawn area: 100%
[23:48:56] [Server thread/INFO]: Prepared spawn area in 1462 ms
[23:48:56] [Server thread/INFO]: Loading 0 persistent chunks for world 'minecraft:the_end'...
[23:48:56] [Server thread/INFO]: Preparing spawn area: 100%
[23:48:56] [Server thread/INFO]: Prepared spawn area in 347 ms
[23:48:56] [Server thread/INFO]: Done preparing level "world" (12.245s)
[23:48:56] [Server thread/INFO]: [Chunky] Enabling Chunky v1.4.40
[23:48:57] [Server thread/INFO]: [UhcCore] Enabling UhcCore v1.20.15
[23:48:57] [Server thread/WARN]: [UhcCore] WorldEdit plugin not found, there will be no support of schematics.
[23:48:57] [Server thread/WARN]: [UhcCore] Vault plugin not found, there will be no support of economy rewards.
[23:48:57] [Server thread/WARN]: [UhcCore] ProtocolLib plugin not found
[23:48:57] [Server thread/INFO]: [UhcCore] Start loading kits
[23:48:57] [Server thread/INFO]: [UhcCore] Loaded 0 kits
[23:48:57] [Server thread/INFO]: [UhcCore] Loading banned crafts list
[23:48:57] [Server thread/INFO]: [UhcCore] Loading custom crafts
[23:48:57] [Server thread/INFO]: [UhcCore] Loading custom craft Light Apple
[23:48:57] [Server thread/WARN]: [org.bukkit.craftbukkit.legacy.CraftLegacy] Initializing Legacy Material Support. Unless you have legacy plugins and/or data this is a bug!
[23:49:05] [Server thread/INFO]: [UhcCore] Light Apple custom craft registered
[23:49:05] [Server thread/INFO]: [UhcCore] Loading custom craft Light Anvil
[23:49:05] [Server thread/INFO]: [UhcCore] Light Anvil custom craft registered
[23:49:05] [Server thread/INFO]: [UhcCore] Loading custom craft for golden heads
[23:49:05] [Server thread/INFO]: [SimpleLogin] Enabling SimpleLogin v1.9
[23:49:05] [Server thread/INFO]: [spark] Starting background profiler...
[23:49:06] [Server thread/INFO]: Running delayed init tasks
[23:49:06] [Server thread/INFO]: [UhcCore] Creating new world : 7a9b0664-3651-455f-8fb7-2249ee288143
[23:49:06] [Server thread/INFO]: Selecting spawn point for world 'minecraft:7a9b0664-3651-455f-8fb7-2249ee288143'...
[23:49:17] [Server thread/INFO]: Loading 0 persistent chunks for world 'minecraft:7a9b0664-3651-455f-8fb7-2249ee288143'...
[23:49:17] [Server thread/INFO]: Preparing spawn area: 100%
[23:49:17] [Server thread/INFO]: Prepared spawn area in 10296 ms
[23:49:17] [Server thread/INFO]: [UhcCore] World seed: -6066497691847033878
[23:49:17] [Server thread/INFO]: [UhcCore] Creating new world : 254f857e-9d53-41b5-b088-56c82875c87e
[23:49:17] [Server thread/INFO]: Selecting spawn point for world 'minecraft:254f857e-9d53-41b5-b088-56c82875c87e'...
[23:49:17] [Server thread/INFO]: Loading 0 persistent chunks for world 'minecraft:254f857e-9d53-41b5-b088-56c82875c87e'...
[23:49:17] [Server thread/INFO]: Preparing spawn area: 100%
[23:49:17] [Server thread/INFO]: Prepared spawn area in 496 ms
[23:49:17] [Server thread/INFO]: [UhcCore] World seed: -1084648868248129960
[23:49:17] [Server thread/WARN]: A manual (plugin-induced) save has been detected while server is configured to auto-save. This may affect performance.
[23:49:18] [Server thread/INFO]: [UhcCore] No WorldEdit/schematic installed so ending with deathmatch at 0 0
[23:49:18] [Server thread/INFO]: [UhcCore] Players are now allowed to join
[23:49:18] [Server thread/INFO]: Done (56.037s)! For help, type "help"
[23:54:07] [Server thread/INFO]: [Chunky] Center changed to 0, 0.
[23:54:07] [Server thread/INFO]: [Chunky] Radius changed to 500.
[23:54:07] [Server thread/INFO]: [Chunky] Shape changed to square.
[23:54:09] [Server thread/INFO]: [Chunky] Task started in world for the square region centered at 0, 0 with radius 500.
[23:54:14] [Server thread/INFO]: [Chunky] Task running for world. Processed: 6 chunks (0.14%), ETA: 0:04:07, Rate: 17.0 cps, Current: 2, 3
[23:54:16] [Server thread/INFO]: [Chunky] Task running for world. Processed: 29 chunks (0.69%), ETA: 0:05:36, Rate: 12.5 cps, Current: 7, 5
[23:54:17] [Server thread/INFO]: [Chunky] Task running for world. Processed: 57 chunks (1.35%), ETA: 0:04:20, Rate: 16.0 cps, Current: 8, 2
[23:54:18] [Server thread/INFO]: [Chunky] Task running for world. Processed: 72 chunks (1.70%), ETA: 0:04:36, Rate: 15.0 cps, Current: 5, 0
[23:54:19] [Server thread/INFO]: [Chunky] Task running for world. Processed: 92 chunks (2.18%), ETA: 0:04:22, Rate: 15.7 cps, Current: 10, 5
[23:54:21] [Server thread/INFO]: [Chunky] Task running for world. Processed: 114 chunks (2.70%), ETA: 0:04:16, Rate: 16.0 cps, Current: 9, 7
[23:54:22] [Server thread/INFO]: [Chunky] Task running for world. Processed: 133 chunks (3.15%), ETA: 0:04:11, Rate: 16.2 cps, Current: 10, 8
[23:54:23] [Server thread/INFO]: [Chunky] Task running for world. Processed: 154 chunks (3.64%), ETA: 0:04:04, Rate: 16.7 cps, Current: 10, 11
[23:54:24] [Server thread/INFO]: [Chunky] Task running for world. Processed: 172 chunks (4.07%), ETA: 0:04:02, Rate: 16.7 cps, Current: 10, 13
[23:54:25] [Server thread/INFO]: [Chunky] Task running for world. Processed: 186 chunks (4.40%), ETA: 0:04:10, Rate: 16.1 cps, Current: 15, 12
[23:54:27] [Server thread/INFO]: [Chunky] Task running for world. Processed: 218 chunks (5.16%), ETA: 0:03:57, Rate: 16.9 cps, Current: 8, 15
[23:54:28] [Server thread/INFO]: [Chunky] Task running for world. Processed: 236 chunks (5.59%), ETA: 0:03:55, Rate: 16.9 cps, Current: 2, 11
[23:54:29] [Server thread/INFO]: [Chunky] Task running for world. Processed: 248 chunks (5.87%), ETA: 0:04:00, Rate: 16.5 cps, Current: 1, 12
[23:54:30] [Server thread/INFO]: [Chunky] Task running for world. Processed: 271 chunks (6.41%), ETA: 0:03:55, Rate: 16.8 cps, Current: 5, 18
[23:54:31] [Server thread/INFO]: [Chunky] Task running for world. Processed: 288 chunks (6.82%), ETA: 0:03:55, Rate: 16.7 cps, Current: 4, 20
[23:54:32] [Server thread/INFO]: [Chunky] Task running for world. Processed: 305 chunks (7.22%), ETA: 0:03:56, Rate: 16.6 cps, Current: 2, 22
[23:54:33] [Server thread/INFO]: [Chunky] Task running for world. Processed: 310 chunks (7.34%), ETA: 0:04:05, Rate: 16.0 cps, Current: 1, 22
[23:54:34] [Server thread/INFO]: [Chunky] Task running for world. Processed: 325 chunks (7.69%), ETA: 0:04:06, Rate: 15.8 cps, Current: 2, 27
[23:54:35] [Server thread/INFO]: [Chunky] Task running for world. Processed: 350 chunks (8.28%), ETA: 0:04:00, Rate: 16.1 cps, Current: 4, 29
[23:54:36] [Server thread/INFO]: [Chunky] Task running for world. Processed: 376 chunks (8.90%), ETA: 0:03:54, Rate: 16.4 cps, Current: 7, 25
[23:54:38] [Server thread/INFO]: [Chunky] Task running for world. Processed: 396 chunks (9.37%), ETA: 0:03:51, Rate: 16.5 cps, Current: 9, 27
[23:54:39] [Server thread/INFO]: [Chunky] Task running for world. Processed: 414 chunks (9.80%), ETA: 0:03:51, Rate: 16.5 cps, Current: 12, 28
[23:54:40] [Server thread/INFO]: [Chunky] Task running for world. Processed: 431 chunks (10.20%), ETA: 0:03:50, Rate: 16.4 cps, Current: 14, 29
[23:54:41] [Server thread/INFO]: [Chunky] Task running for world. Processed: 477 chunks (11.29%), ETA: 0:03:34, Rate: 17.5 cps, Current: 15, 26
[23:54:42] [Server thread/INFO]: [Chunky] Task running for world. Processed: 513 chunks (12.14%), ETA: 0:03:25, Rate: 18.1 cps, Current: 16, 16
[23:54:43] [Server thread/INFO]: [Chunky] Task running for world. Processed: 516 chunks (12.21%), ETA: 0:03:31, Rate: 17.5 cps, Current: 16, 19
[23:54:44] [Server thread/INFO]: [Chunky] Task running for world. Processed: 539 chunks (12.76%), ETA: 0:03:23, Rate: 18.1 cps, Current: 18, 21
[23:54:45] [Server thread/INFO]: [Chunky] Task running for world. Processed: 562 chunks (13.30%), ETA: 0:03:20, Rate: 18.3 cps, Current: 17, 23
[23:54:46] [Server thread/INFO]: [Chunky] Task running for world. Processed: 595 chunks (14.08%), ETA: 0:03:15, Rate: 18.6 cps, Current: 18, 27
[23:54:47] [Server thread/INFO]: [Chunky] Task running for world. Processed: 622 chunks (14.72%), ETA: 0:03:08, Rate: 19.1 cps, Current: 18, 31
[23:54:48] [Server thread/INFO]: [Chunky] Task running for world. Processed: 638 chunks (15.10%), ETA: 0:03:09, Rate: 18.9 cps, Current: 23, 27
[23:54:49] [Server thread/INFO]: [Chunky] Task running for world. Processed: 659 chunks (15.60%), ETA: 0:03:08, Rate: 18.9 cps, Current: 26, 29
[23:54:50] [Server thread/INFO]: [Chunky] Task running for world. Processed: 677 chunks (16.02%), ETA: 0:03:07, Rate: 18.9 cps, Current: 28, 25
[23:54:52] [Server thread/INFO]: [Chunky] Task running for world. Processed: 698 chunks (16.52%), ETA: 0:03:05, Rate: 19.0 cps, Current: 28, 31
[23:54:53] [Server thread/INFO]: [Chunky] Task running for world. Processed: 730 chunks (17.28%), ETA: 0:03:00, Rate: 19.3 cps, Current: 24, 16
[23:54:54] [Server thread/INFO]: [Chunky] Task running for world. Processed: 756 chunks (17.89%), ETA: 0:02:54, Rate: 19.8 cps, Current: 29, 18
[23:54:55] [Server thread/INFO]: [Chunky] Task running for world. Processed: 765 chunks (18.11%), ETA: 0:02:57, Rate: 19.4 cps, Current: 30, 17
[23:54:56] [Server thread/INFO]: [Chunky] Task running for world. Processed: 785 chunks (18.58%), ETA: 0:02:59, Rate: 19.2 cps, Current: 28, 10
[23:54:57] [Server thread/INFO]: [Chunky] Task running for world. Processed: 807 chunks (19.10%), ETA: 0:02:56, Rate: 19.3 cps, Current: 27, 9
[23:54:58] [Server thread/INFO]: [Chunky] Task running for world. Processed: 842 chunks (19.93%), ETA: 0:02:47, Rate: 20.1 cps, Current: 26, 8
[23:54:59] [Server thread/INFO]: [Chunky] Task running for world. Processed: 891 chunks (21.09%), ETA: 0:02:38, Rate: 21.0 cps, Current: 22, 8
[23:55:00] [Server thread/INFO]: [Chunky] Task running for world. Processed: 916 chunks (21.68%), ETA: 0:02:35, Rate: 21.3 cps, Current: 16, 2
[23:55:01] [Server thread/INFO]: [Chunky] Task running for world. Processed: 941 chunks (22.27%), ETA: 0:02:32, Rate: 21.6 cps, Current: 17, 0
[23:55:03] [Server thread/INFO]: [Chunky] Task running for world. Processed: 971 chunks (22.98%), ETA: 0:02:25, Rate: 22.4 cps, Current: 24, 1
[23:55:04] [Server thread/INFO]: [Chunky] Task running for world. Processed: 995 chunks (23.55%), ETA: 0:02:22, Rate: 22.7 cps, Current: 29, 5
[23:55:05] [Server thread/INFO]: [Chunky] Task running for world. Processed: 1016 chunks (24.05%), ETA: 0:02:21, Rate: 22.7 cps, Current: 32, 11
[23:55:06] [Server thread/INFO]: [Chunky] Task running for world. Processed: 1044 chunks (24.71%), ETA: 0:02:19, Rate: 22.8 cps, Current: 30, 1
[23:55:07] [Server thread/INFO]: [Chunky] Task running for world. Processed: 1051 chunks (24.88%), ETA: 0:02:22, Rate: 22.2 cps, Current: 30, 0
[23:55:08] [Server thread/INFO]: [Chunky] Task running for world. Processed: 1055 chunks (24.97%), ETA: 0:02:25, Rate: 21.8 cps, Current: 31, 0
[23:55:11] [Server thread/INFO]: [Chunky] Task running for world. Processed: 1057 chunks (25.02%), ETA: 0:02:49, Rate: 18.7 cps, Current: 32, -1
[23:55:13] [Server thread/INFO]: [Chunky] Task running for world. Processed: 1058 chunks (25.04%), ETA: 0:02:54, Rate: 18.2 cps, Current: 32, -2
[23:55:14] [Server thread/INFO]: [Chunky] Task running for world. Processed: 1092 chunks (25.85%), ETA: 0:02:51, Rate: 18.2 cps, Current: 1, -30
[23:55:16] [Server thread/INFO]: [Chunky] Task running for world. Processed: 1093 chunks (25.87%), ETA: 0:03:04, Rate: 17.0 cps, Current: 1, -29
[23:55:17] [Server thread/INFO]: [Chunky] Task running for world. Processed: 1116 chunks (26.41%), ETA: 0:03:04, Rate: 16.9 cps, Current: 4, -29
[23:55:18] [Server thread/INFO]: [Chunky] Task running for world. Processed: 1134 chunks (26.84%), ETA: 0:03:04, Rate: 16.7 cps, Current: 5, -31
[23:55:19] [Server thread/INFO]: [Chunky] Task running for world. Processed: 1153 chunks (27.29%), ETA: 0:03:04, Rate: 16.6 cps, Current: 6, -32
[23:55:20] [Server thread/INFO]: [Chunky] Task running for world. Processed: 1180 chunks (27.93%), ETA: 0:02:59, Rate: 16.9 cps, Current: 12, -27
[23:55:21] [Server thread/INFO]: [Chunky] Task running for world. Processed: 1193 chunks (28.24%), ETA: 0:03:01, Rate: 16.7 cps, Current: 14, -28
[23:55:22] [Server thread/INFO]: [Chunky] Task running for world. Processed: 1218 chunks (28.83%), ETA: 0:03:02, Rate: 16.5 cps, Current: 8, -23
[23:55:23] [Server thread/INFO]: [Chunky] Task running for world. Processed: 1237 chunks (29.28%), ETA: 0:03:03, Rate: 16.3 cps, Current: 14, -23
[23:55:24] [Server thread/INFO]: [Chunky] Task running for world. Processed: 1256 chunks (29.73%), ETA: 0:02:58, Rate: 16.7 cps, Current: 11, -19
[23:55:26] [Server thread/INFO]: [Chunky] Task running for world. Processed: 1275 chunks (30.18%), ETA: 0:02:57, Rate: 16.6 cps, Current: 10, -18
[23:55:27] [Server thread/INFO]: [Chunky] Task running for world. Processed: 1309 chunks (30.98%), ETA: 0:02:52, Rate: 16.9 cps, Current: 3, -23
[23:55:28] [Server thread/INFO]: [Chunky] Task running for world. Processed: 1331 chunks (31.50%), ETA: 0:02:55, Rate: 16.5 cps, Current: 2, -19
[23:55:29] [Server thread/INFO]: [Chunky] Task running for world. Processed: 1352 chunks (32.00%), ETA: 0:03:03, Rate: 15.6 cps, Current: 1, -14
[23:55:30] [Server thread/INFO]: [Chunky] Task running for world. Processed: 1363 chunks (32.26%), ETA: 0:03:08, Rate: 15.1 cps, Current: 5, -13
[23:55:31] [Server thread/INFO]: [Chunky] Task running for world. Processed: 1379 chunks (32.64%), ETA: 0:03:11, Rate: 14.9 cps, Current: 4, -11
[23:55:32] [Server thread/INFO]: [Chunky] Task running for world. Processed: 1393 chunks (32.97%), ETA: 0:03:18, Rate: 14.3 cps, Current: 2, -10
[23:55:33] [Server thread/INFO]: [Chunky] Task running for world. Processed: 1405 chunks (33.25%), ETA: 0:03:22, Rate: 14.0 cps, Current: 3, -9
[23:55:34] [Server thread/INFO]: [Chunky] Task running for world. Processed: 1458 chunks (34.51%), ETA: 0:03:03, Rate: 15.1 cps, Current: 6, -8
[23:55:35] [Server thread/INFO]: [Chunky] Task running for world. Processed: 1487 chunks (35.20%), ETA: 0:02:58, Rate: 15.3 cps, Current: 9, -7
[23:55:36] [Server thread/INFO]: [Chunky] Task running for world. Processed: 1514 chunks (35.83%), ETA: 0:02:52, Rate: 15.7 cps, Current: 14, -2
[23:55:37] [Server thread/INFO]: [Chunky] Task running for world. Processed: 1534 chunks (36.31%), ETA: 0:02:44, Rate: 16.4 cps, Current: 8, -10
[23:55:38] [Server thread/INFO]: [Chunky] Task running for world. Processed: 1586 chunks (37.54%), ETA: 0:02:15, Rate: 19.4 cps, Current: 15, -7
[23:55:40] [Server thread/INFO]: [Chunky] Task running for world. Processed: 1602 chunks (37.92%), ETA: 0:02:16, Rate: 19.2 cps, Current: 16, -15
[23:55:41] [Server thread/INFO]: [Chunky] Task running for world. Processed: 1616 chunks (38.25%), ETA: 0:02:17, Rate: 19.0 cps, Current: 18, -15
[23:55:42] [Server thread/INFO]: [Chunky] Task running for world. Processed: 1641 chunks (38.84%), ETA: 0:02:07, Rate: 20.2 cps, Current: 19, -16
[23:55:43] [Server thread/INFO]: [Chunky] Task running for world. Processed: 1676 chunks (39.67%), ETA: 0:02:05, Rate: 20.2 cps, Current: 19, -9
[23:55:44] [Server thread/INFO]: [Chunky] Task running for world. Processed: 1729 chunks (40.92%), ETA: 0:01:57, Rate: 21.3 cps, Current: 24, -8
[23:55:45] [Server thread/INFO]: [Chunky] Task running for world. Processed: 1782 chunks (42.18%), ETA: 0:01:45, Rate: 23.2 cps, Current: 26, -8
[23:55:46] [Server thread/INFO]: [Chunky] Task running for world. Processed: 1850 chunks (43.79%), ETA: 0:01:36, Rate: 24.7 cps, Current: 31, -16
[23:55:47] [Server thread/INFO]: [Chunky] Task running for world. Processed: 1866 chunks (44.17%), ETA: 0:01:34, Rate: 25.0 cps, Current: 31, -23
[23:55:49] [Server thread/INFO]: [Chunky] Task running for world. Processed: 1898 chunks (44.92%), ETA: 0:01:31, Rate: 25.4 cps, Current: 25, -17
[23:55:50] [Server thread/INFO]: [Chunky] Task running for world. Processed: 1929 chunks (45.66%), ETA: 0:01:29, Rate: 25.6 cps, Current: 16, -19
[23:55:51] [Server thread/INFO]: [Chunky] Task running for world. Processed: 1980 chunks (46.86%), ETA: 0:01:23, Rate: 26.8 cps, Current: 18, -24
[23:55:52] [Server thread/INFO]: [Chunky] Task running for world. Processed: 2004 chunks (47.43%), ETA: 0:01:22, Rate: 26.8 cps, Current: 16, -29
[23:55:53] [Server thread/INFO]: [Chunky] Task running for world. Processed: 2029 chunks (48.02%), ETA: 0:01:20, Rate: 27.2 cps, Current: 20, -30
[23:55:54] [Server thread/INFO]: [Chunky] Task running for world. Processed: 2073 chunks (49.07%), ETA: 0:01:16, Rate: 28.0 cps, Current: 24, -31
[23:55:58] [Server thread/INFO]: [Chunky] Task running for world. Processed: 2113 chunks (50.01%), ETA: 0:01:20, Rate: 26.1 cps, Current: -30, -27
[23:55:59] [Server thread/INFO]: [Chunky] Task running for world. Processed: 2134 chunks (50.51%), ETA: 0:01:19, Rate: 26.4 cps, Current: -26, -26
[23:56:00] [Server thread/INFO]: [Chunky] Task running for world. Processed: 2152 chunks (50.93%), ETA: 0:01:18, Rate: 26.4 cps, Current: -31, -25
[23:56:01] [Server thread/INFO]: [Chunky] Task running for world. Processed: 2169 chunks (51.34%), ETA: 0:01:17, Rate: 26.6 cps, Current: -28, -31
[23:56:02] [Server thread/INFO]: [Chunky] Task running for world. Processed: 2174 chunks (51.46%), ETA: 0:01:18, Rate: 26.3 cps, Current: -24, -30
[23:56:04] [Server thread/INFO]: [Chunky] Task running for world. Processed: 2186 chunks (51.74%), ETA: 0:01:22, Rate: 24.8 cps, Current: -23, -31
[23:56:05] [Server thread/INFO]: [Chunky] Task running for world. Processed: 2211 chunks (52.33%), ETA: 0:01:21, Rate: 24.6 cps, Current: -18, -29
[23:56:06] [Server thread/INFO]: [Chunky] Task running for world. Processed: 2233 chunks (52.85%), ETA: 0:01:21, Rate: 24.5 cps, Current: -23, -24
[23:56:07] [Server thread/INFO]: [Chunky] Task running for world. Processed: 2252 chunks (53.30%), ETA: 0:01:20, Rate: 24.5 cps, Current: -21, -23
[23:56:08] [Server thread/INFO]: [Chunky] Task running for world. Processed: 2268 chunks (53.68%), ETA: 0:01:24, Rate: 23.2 cps, Current: -24, -21
[23:56:09] [Server thread/INFO]: [Chunky] Task running for world. Processed: 2288 chunks (54.15%), ETA: 0:01:22, Rate: 23.4 cps, Current: -24, -19
[23:56:10] [Server thread/INFO]: [Chunky] Task running for world. Processed: 2314 chunks (54.77%), ETA: 0:01:20, Rate: 23.9 cps, Current: -20, -17
[23:56:11] [Server thread/INFO]: [Chunky] Task running for world. Processed: 2330 chunks (55.15%), ETA: 0:01:20, Rate: 23.6 cps, Current: -24, -17
[23:56:12] [Server thread/INFO]: [Chunky] Task running for world. Processed: 2352 chunks (55.67%), ETA: 0:01:20, Rate: 23.4 cps, Current: -32, -23
[23:56:13] [Server thread/INFO]: [Chunky] Task running for world. Processed: 2366 chunks (56.00%), ETA: 0:01:20, Rate: 23.1 cps, Current: -32, -22
[23:56:14] [Server thread/INFO]: [Chunky] Task running for world. Processed: 2382 chunks (56.38%), ETA: 0:01:24, Rate: 21.9 cps, Current: -28, -14
[23:56:15] [Server thread/INFO]: [Chunky] Task running for world. Processed: 2400 chunks (56.80%), ETA: 0:01:35, Rate: 19.0 cps, Current: -28, -12
[23:56:16] [Server thread/INFO]: [Chunky] Task running for world. Processed: 2417 chunks (57.21%), ETA: 0:01:35, Rate: 19.0 cps, Current: -30, -10
[23:56:17] [Server thread/INFO]: [Chunky] Task running for world. Processed: 2421 chunks (57.30%), ETA: 0:01:37, Rate: 18.6 cps, Current: -30, -9
[23:56:19] [Server thread/INFO]: [Chunky] Task running for world. Processed: 2437 chunks (57.68%), ETA: 0:01:42, Rate: 17.5 cps, Current: -31, -6
[23:56:20] [Server thread/INFO]: [Chunky] Task running for world. Processed: 2462 chunks (58.27%), ETA: 0:01:46, Rate: 16.5 cps, Current: -28, -3
[23:56:21] [Server thread/INFO]: [Chunky] Task running for world. Processed: 2488 chunks (58.89%), ETA: 0:01:45, Rate: 16.5 cps, Current: -25, -7
[23:56:22] [Server thread/INFO]: [Chunky] Task running for world. Processed: 2505 chunks (59.29%), ETA: 0:01:45, Rate: 16.3 cps, Current: -22, -7
[23:56:23] [Server thread/INFO]: [Chunky] Task running for world. Processed: 2519 chunks (59.62%), ETA: 0:01:52, Rate: 15.2 cps, Current: -20, -3
[23:56:24] [Server thread/INFO]: [Chunky] Task running for world. Processed: 2538 chunks (60.07%), ETA: 0:01:43, Rate: 16.3 cps, Current: -22, -1
[23:56:25] [Server thread/INFO]: [Chunky] Task running for world. Processed: 2556 chunks (60.50%), ETA: 0:01:42, Rate: 16.3 cps, Current: -18, -7
[23:56:27] [Server thread/INFO]: [Chunky] Task running for world. Processed: 2625 chunks (62.13%), ETA: 0:01:29, Rate: 17.9 cps, Current: -16, -16
[23:56:28] [Server thread/INFO]: [Chunky] Task running for world. Processed: 2628 chunks (62.20%), ETA: 0:01:32, Rate: 17.3 cps, Current: -16, -13
[23:56:29] [Server thread/INFO]: [Chunky] Task running for world. Processed: 2654 chunks (62.82%), ETA: 0:01:29, Rate: 17.5 cps, Current: -16, -10
[23:56:30] [Server thread/INFO]: [Chunky] Task running for world. Processed: 2674 chunks (63.29%), ETA: 0:01:28, Rate: 17.6 cps, Current: -15, -9
[23:56:31] [Server thread/INFO]: [Chunky] Task running for world. Processed: 2705 chunks (64.02%), ETA: 0:01:23, Rate: 18.1 cps, Current: -13, -8
[23:56:32] [Server thread/INFO]: [Chunky] Task running for world. Processed: 2728 chunks (64.57%), ETA: 0:01:20, Rate: 18.7 cps, Current: -10, -8
[23:56:33] [Server thread/INFO]: [Chunky] Task running for world. Processed: 2767 chunks (65.49%), ETA: 0:01:14, Rate: 19.7 cps, Current: -6, -3
[23:56:34] [Server thread/INFO]: [Chunky] Task running for world. Processed: 2817 chunks (66.67%), ETA: 0:01:08, Rate: 20.5 cps, Current: -1, -9
[23:56:36] [Server thread/INFO]: [Chunky] Task running for world. Processed: 2867 chunks (67.86%), ETA: 0:01:03, Rate: 21.3 cps, Current: -1, -15
[23:56:37] [Server thread/INFO]: [Chunky] Task running for world. Processed: 2898 chunks (68.59%), ETA: 0:01:01, Rate: 21.7 cps, Current: -4, -17
[23:56:38] [Server thread/INFO]: [Chunky] Task running for world. Processed: 2925 chunks (69.23%), ETA: 0:00:58, Rate: 22.0 cps, Current: -9, -17
[23:56:39] [Server thread/INFO]: [Chunky] Task running for world. Processed: 2963 chunks (70.13%), ETA: 0:00:55, Rate: 22.7 cps, Current: -8, -20
[23:56:40] [Server thread/INFO]: [Chunky] Task running for world. Processed: 3010 chunks (71.24%), ETA: 0:00:52, Rate: 23.4 cps, Current: -10, -25
[23:56:41] [Server thread/INFO]: [Chunky] Task running for world. Processed: 3042 chunks (72.00%), ETA: 0:00:49, Rate: 23.8 cps, Current: -14, -30
[23:56:42] [Server thread/INFO]: [Chunky] Task running for world. Processed: 3068 chunks (72.62%), ETA: 0:00:48, Rate: 24.0 cps, Current: -9, -30
[23:56:43] [Server thread/INFO]: [Chunky] Task running for world. Processed: 3123 chunks (73.92%), ETA: 0:00:43, Rate: 25.3 cps, Current: -9, -32
[23:56:44] [Server thread/INFO]: [Chunky] Task running for world. Processed: 3124 chunks (73.94%), ETA: 0:00:43, Rate: 25.1 cps, Current: -5, -31
[23:56:46] [Server thread/INFO]: [Chunky] Task running for world. Processed: 3137 chunks (74.25%), ETA: 0:00:44, Rate: 24.3 cps, Current: -30, 0
[23:56:47] [Server thread/INFO]: [Chunky] Task running for world. Processed: 3149 chunks (74.53%), ETA: 0:00:43, Rate: 24.5 cps, Current: -31, 1
[23:56:48] [Server thread/INFO]: [Chunky] Task running for world. Processed: 3171 chunks (75.05%), ETA: 0:00:42, Rate: 24.9 cps, Current: -26, 0
[23:56:49] [Server thread/INFO]: [Chunky] Task running for world. Processed: 3183 chunks (75.34%), ETA: 0:00:42, Rate: 24.6 cps, Current: -24, 0
[23:56:50] [Server thread/INFO]: [Chunky] Task running for world. Processed: 3215 chunks (76.09%), ETA: 0:00:40, Rate: 24.9 cps, Current: -19, 1
[23:56:51] [Server thread/INFO]: [Chunky] Task running for world. Processed: 3242 chunks (76.73%), ETA: 0:00:39, Rate: 25.0 cps, Current: -24, 6
[23:56:53] [Server thread/INFO]: [Chunky] Task running for world. Processed: 3259 chunks (77.14%), ETA: 0:00:38, Rate: 25.1 cps, Current: -23, 9
[23:56:54] [Server thread/INFO]: [Chunky] Task running for world. Processed: 3283 chunks (77.70%), ETA: 0:00:37, Rate: 25.3 cps, Current: -19, 10
[23:56:55] [Server thread/INFO]: [Chunky] Task running for world. Processed: 3301 chunks (78.13%), ETA: 0:00:36, Rate: 25.2 cps, Current: -21, 13
[23:56:56] [Server thread/INFO]: [Chunky] Task running for world. Processed: 3323 chunks (78.65%), ETA: 0:00:37, Rate: 23.9 cps, Current: -23, 14
[23:56:57] [Server thread/INFO]: [Chunky] Task running for world. Processed: 3354 chunks (79.38%), ETA: 0:00:34, Rate: 24.9 cps, Current: -24, 15
[23:56:58] [Server thread/INFO]: [Chunky] Task running for world. Processed: 3374 chunks (79.86%), ETA: 0:00:34, Rate: 24.8 cps, Current: -29, 13
[23:56:59] [Server thread/INFO]: [Chunky] Task running for world. Processed: 3392 chunks (80.28%), ETA: 0:00:33, Rate: 24.8 cps, Current: -30, 17
[23:57:00] [Server thread/INFO]: [Chunky] Task running for world. Processed: 3411 chunks (80.73%), ETA: 0:00:33, Rate: 24.3 cps, Current: -32, 14
[23:57:01] [Server thread/INFO]: [Chunky] Task running for world. Processed: 3433 chunks (81.25%), ETA: 0:00:32, Rate: 24.2 cps, Current: -26, 21
[23:57:03] [Server thread/INFO]: [Chunky] Task running for world. Processed: 3444 chunks (81.51%), ETA: 0:00:33, Rate: 23.1 cps, Current: -30, 23
[23:57:04] [Server thread/INFO]: [Chunky] Task running for world. Processed: 3460 chunks (81.89%), ETA: 0:00:34, Rate: 21.9 cps, Current: -31, 25
[23:57:05] [Server thread/INFO]: [Chunky] Task running for world. Processed: 3485 chunks (82.49%), ETA: 0:00:34, Rate: 21.3 cps, Current: -32, 26
[23:57:06] [Server thread/INFO]: [Chunky] Task running for world. Processed: 3511 chunks (83.10%), ETA: 0:00:33, Rate: 21.1 cps, Current: -29, 31
[23:57:07] [Server thread/INFO]: [Chunky] Task running for world. Processed: 3526 chunks (83.46%), ETA: 0:00:33, Rate: 20.7 cps, Current: -26, 31
[23:57:08] [Server thread/INFO]: [Chunky] Task running for world. Processed: 3543 chunks (83.86%), ETA: 0:00:34, Rate: 20.0 cps, Current: -20, 29
[23:57:09] [Server thread/INFO]: [Chunky] Task running for world. Processed: 3563 chunks (84.33%), ETA: 0:00:34, Rate: 19.1 cps, Current: -19, 26
[23:57:10] [Server thread/INFO]: [Chunky] Task running for world. Processed: 3594 chunks (85.07%), ETA: 0:00:33, Rate: 19.1 cps, Current: -18, 22
[23:57:11] [Server thread/INFO]: [Chunky] Task running for world. Processed: 3649 chunks (86.37%), ETA: 0:00:29, Rate: 19.8 cps, Current: -16, 16
[23:57:12] [Server thread/INFO]: [Chunky] Task running for world. Processed: 3652 chunks (86.44%), ETA: 0:00:31, Rate: 18.0 cps, Current: -16, 19
[23:57:13] [Server thread/INFO]: [Chunky] Task running for world. Processed: 3679 chunks (87.08%), ETA: 0:00:28, Rate: 19.0 cps, Current: -16, 22
[23:57:15] [Server thread/INFO]: [Chunky] Task running for world. Processed: 3697 chunks (87.50%), ETA: 0:00:26, Rate: 19.7 cps, Current: -16, 25
[23:57:16] [Server thread/INFO]: [Chunky] Task running for world. Processed: 3729 chunks (88.26%), ETA: 0:00:24, Rate: 20.1 cps, Current: -13, 24
[23:57:17] [Server thread/INFO]: [Chunky] Task running for world. Processed: 3754 chunks (88.85%), ETA: 0:00:22, Rate: 20.6 cps, Current: -10, 24
[23:57:18] [Server thread/INFO]: [Chunky] Task running for world. Processed: 3770 chunks (89.23%), ETA: 0:00:22, Rate: 20.3 cps, Current: -7, 25
[23:57:19] [Server thread/INFO]: [Chunky] Task running for world. Processed: 3785 chunks (89.59%), ETA: 0:00:21, Rate: 20.4 cps, Current: -8, 29
[23:57:20] [Server thread/INFO]: [Chunky] Task running for world. Processed: 3841 chunks (90.91%), ETA: 0:00:18, Rate: 21.2 cps, Current: -1, 23
[23:57:21] [Server thread/INFO]: [Chunky] Task running for world. Processed: 3891 chunks (92.09%), ETA: 0:00:15, Rate: 21.9 cps, Current: -7, 17
[23:57:22] [Server thread/INFO]: [Chunky] Task running for world. Processed: 3919 chunks (92.76%), ETA: 0:00:13, Rate: 22.3 cps, Current: -2, 10
[23:57:23] [Server thread/INFO]: [Chunky] Task running for world. Processed: 3946 chunks (93.40%), ETA: 0:00:12, Rate: 22.3 cps, Current: -7, 15
[23:57:24] [Server thread/INFO]: [Chunky] Task running for world. Processed: 3977 chunks (94.13%), ETA: 0:00:10, Rate: 22.8 cps, Current: -5, 8
[23:57:26] [Server thread/INFO]: [Chunky] Task running for world. Processed: 4027 chunks (95.31%), ETA: 0:00:08, Rate: 23.6 cps, Current: -15, 8
[23:57:27] [Server thread/INFO]: [Chunky] Task running for world. Processed: 4086 chunks (96.71%), ETA: 0:00:05, Rate: 24.5 cps, Current: -10, 4
[23:57:31] [Server thread/INFO]: [Chunky] Task running for world. Processed: 4161 chunks (98.49%), ETA: 0:00:02, Rate: 24.7 cps, Current: 15, 32
[23:57:32] [Server thread/INFO]: [Chunky] Task finished for world. Processed: 4225 chunks (100.00%), Total time: 0:03:22
